<?xml version="1.0" encoding="UTF-8"?>
<!-- Generated by org.testng.reporters.JUnitXMLReporter -->
<testsuite ignored="0" hostname="IBM-PF136901" failures="1" tests="2" name="Regression Test" time="12.374" errors="0" timestamp="2025-05-03T12:05:54 IST">
  <testcase classname="testCases.TC001_AccountRegisterationTest" name="verify_account_registeration" time="2.769"/>
  <testcase classname="testCases.TC002_LoginTest" name="verifyLogin" time="1.016">
    <failure type="java.lang.AssertionError" message="expected [https://tutorialsninja.com/demo/index.php?route=account/login] but found [https://tutorialsninja.com/demo/index.php?route=account/account]">
      <![CDATA[java.lang.AssertionError: expected [https://tutorialsninja.com/demo/index.php?route=account/login] but found [https://tutorialsninja.com/demo/index.php?route=account/account]
at testCases.TC002_LoginTest.verifyLogin(TC002_LoginTest.java:39)
at java.base/java.util.ArrayList.forEach(ArrayList.java:1597)
... Removed 31 stack frames]]>
    </failure>
  </testcase> <!-- verifyLogin -->
</testsuite> <!-- Regression Test -->
